19:07:48 **** Incremental Build of configuration Debug for project Kernel ****
make all 
Building file: ../src/Kernel.c
Invoking: GCC C Compiler
gcc -I"/home/utnso/workspace/tp-2017-1c-AsadoClash/Libraries/src" -O0 -g3 -Wall -c -fmessage-length=0 -MMD -MP -MF"src/Kernel.d" -MT"src/Kernel.d" -o "src/Kernel.o" "../src/Kernel.c"
../src/Kernel.c: In function ‘get_campo_config_char’:
../src/Kernel.c:42:3: warning: return makes integer from pointer without a cast [enabled by default]
   return valor;
   ^
../src/Kernel.c:44:2: warning: return makes integer from pointer without a cast [enabled by default]
  return NULL;
  ^
../src/Kernel.c: In function ‘get_campo_config_int’:
../src/Kernel.c:54:2: warning: return makes integer from pointer without a cast [enabled by default]
  return NULL;
  ^
../src/Kernel.c: In function ‘get_campo_config_array’:
../src/Kernel.c:61:3: warning: format ‘%s’ expects argument of type ‘char *’, but argument 3 has type ‘char **’ [-Wformat=]
   printf("El %s es: %s\n", nombre_campo, valor);
   ^
../src/Kernel.c:62:3: warning: return makes integer from pointer without a cast [enabled by default]
   return valor;
   ^
../src/Kernel.c:64:2: warning: return makes integer from pointer without a cast [enabled by default]
  return NULL;
  ^
../src/Kernel.c: In function ‘get_configuracion’:
../src/Kernel.c:77:27: warning: assignment makes pointer from integer without a cast [enabled by default]
  configuracion.IP_MEMORIA = get_campo_config_char(archivo_configuracion, "IP_MEMORIA");
                           ^
../src/Kernel.c:79:22: warning: assignment makes pointer from integer without a cast [enabled by default]
  configuracion.IP_FS = get_campo_config_char(archivo_configuracion, "IP_FS");
                      ^
../src/Kernel.c:83:26: warning: assignment makes pointer from integer without a cast [enabled by default]
  configuracion.ALGORITMO = get_campo_config_char(archivo_configuracion, "ALGORITMO");
                          ^
../src/Kernel.c:85:24: warning: assignment makes pointer from integer without a cast [enabled by default]
  configuracion.SEM_IDS = get_campo_config_array(archivo_configuracion, "SEM_IDS");
                        ^
../src/Kernel.c:86:25: warning: assignment makes pointer from integer without a cast [enabled by default]
  configuracion.SEM_INIT = get_campo_config_array(archivo_configuracion, "SEM_INIT");
                         ^
../src/Kernel.c:87:28: warning: assignment makes pointer from integer without a cast [enabled by default]
  configuracion.SHARED_VARS = get_campo_config_array(archivo_configuracion, "SHARED_VARS");
                            ^
../src/Kernel.c: In function ‘main’:
../src/Kernel.c:94:24: warning: unused variable ‘configuracion’ [-Wunused-variable]
  kernell_configuracion configuracion = get_configuracion();
                        ^
Finished building: ../src/Kernel.c
 
Building target: Kernel
Invoking: GCC C Linker
gcc  -o "Kernel"  ./src/Kernel.o   -lcommons
Finished building target: Kernel
 

19:07:48 Build Finished (took 169ms)

