19:16:41 **** Incremental Build of configuration Debug for project Libraries ****
make all 
Building file: ../src/ConfigLibrary.c
Invoking: GCC C Compiler
gcc -O0 -g3 -Wall -c -fmessage-length=0 -MMD -MP -MF"src/ConfigLibrary.d" -MT"src/ConfigLibrary.d" -o "src/ConfigLibrary.o" "../src/ConfigLibrary.c"
../src/ConfigLibrary.c: In function ‘get_campo_config_char’:
../src/ConfigLibrary.c:26:3: warning: implicit declaration of function ‘printf’ [-Wimplicit-function-declaration]
   printf("El %s es: %s\n", nombre_campo, valor);
   ^
../src/ConfigLibrary.c:26:3: warning: incompatible implicit declaration of built-in function ‘printf’ [enabled by default]
../src/ConfigLibrary.c:27:3: warning: return makes integer from pointer without a cast [enabled by default]
   return valor;
   ^
../src/ConfigLibrary.c:29:2: warning: return makes integer from pointer without a cast [enabled by default]
  return NULL;
  ^
../src/ConfigLibrary.c: In function ‘get_campo_config_int’:
../src/ConfigLibrary.c:36:3: warning: incompatible implicit declaration of built-in function ‘printf’ [enabled by default]
   printf("El %s es: %i\n", nombre_campo, valor);
   ^
../src/ConfigLibrary.c:39:2: warning: return makes integer from pointer without a cast [enabled by default]
  return NULL;
  ^
../src/ConfigLibrary.c: In function ‘get_campo_config_array’:
../src/ConfigLibrary.c:46:3: warning: incompatible implicit declaration of built-in function ‘printf’ [enabled by default]
   printf("El %s es: %s\n", nombre_campo, valor);
   ^
../src/ConfigLibrary.c:46:3: warning: format ‘%s’ expects argument of type ‘char *’, but argument 3 has type ‘char **’ [-Wformat=]
../src/ConfigLibrary.c:47:3: warning: return makes integer from pointer without a cast [enabled by default]
   return valor;
   ^
../src/ConfigLibrary.c:49:2: warning: return makes integer from pointer without a cast [enabled by default]
  return NULL;
  ^
Finished building: ../src/ConfigLibrary.c
 
Building file: ../src/SocketsLibrary.c
Invoking: GCC C Compiler
gcc -O0 -g3 -Wall -c -fmessage-length=0 -MMD -MP -MF"src/SocketsLibrary.d" -MT"src/SocketsLibrary.d" -o "src/SocketsLibrary.o" "../src/SocketsLibrary.c"
../src/SocketsLibrary.c: In function ‘conectar_a’:
../src/SocketsLibrary.c:49:3: warning: implicit declaration of function ‘puts’ [-Wimplicit-function-declaration]
   puts("\n");
   ^
../src/SocketsLibrary.c:53:3: warning: implicit declaration of function ‘close’ [-Wimplicit-function-declaration]
   close(serverSocket);
   ^
Finished building: ../src/SocketsLibrary.c
 
Building target: Libraries
Invoking: GCC C Linker
gcc  -o "Libraries"  ./src/ConfigLibrary.o ./src/SocketsLibrary.o   -lcommons
Finished building target: Libraries
 

19:16:41 Build Finished (took 169ms)

