20:33:37 **** Incremental Build of configuration Debug for project Memory ****
make all 
Building file: ../src/Memory.c
Invoking: GCC C Compiler
gcc -O0 -g3 -Wall -c -fmessage-length=0 -MMD -MP -MF"src/Memory.d" -MT"src/Memory.d" -o "src/Memory.o" "../src/Memory.c"
../src/Memory.c: In function ‘get_campo_config_char’:
../src/Memory.c:33:3: warning: return makes integer from pointer without a cast [enabled by default]
   return valor;
   ^
../src/Memory.c:35:2: warning: return makes integer from pointer without a cast [enabled by default]
  return NULL;
  ^
../src/Memory.c: In function ‘get_campo_config_int’:
../src/Memory.c:45:2: warning: return makes integer from pointer without a cast [enabled by default]
  return NULL;
  ^
../src/Memory.c: In function ‘get_campo_config_array’:
../src/Memory.c:52:3: warning: format ‘%s’ expects argument of type ‘char *’, but argument 3 has type ‘char **’ [-Wformat=]
   printf("El %s es: %s\n", nombre_campo, valor);
   ^
../src/Memory.c:53:3: warning: return makes integer from pointer without a cast [enabled by default]
   return valor;
   ^
../src/Memory.c:55:2: warning: return makes integer from pointer without a cast [enabled by default]
  return NULL;
  ^
../src/Memory.c: In function ‘get_campo_config_string’:
../src/Memory.c:63:3: warning: return makes integer from pointer without a cast [enabled by default]
   return valor;
   ^
../src/Memory.c:65:2: warning: return makes integer from pointer without a cast [enabled by default]
  return NULL;
  ^
../src/Memory.c: In function ‘main’:
../src/Memory.c:86:23: warning: unused variable ‘configuracion’ [-Wunused-variable]
  memory_configuracion configuracion = get_configuracion();
                       ^
Finished building: ../src/Memory.c
 
Building target: Memory
Invoking: GCC C Linker
gcc  -o "Memory"  ./src/Memory.o   -lcommons
Finished building target: Memory
 

20:33:38 Build Finished (took 1s.330ms)

