17:15:01 **** Incremental Build of configuration Debug for project SocketsLibrary ****
make all 
Building file: ../src/SocketsLibrary.c
Invoking: GCC C Compiler
gcc -O0 -g3 -Wall -c -fmessage-length=0 -MMD -MP -MF"src/SocketsLibrary.d" -MT"src/SocketsLibrary.d" -o "src/SocketsLibrary.o" "../src/SocketsLibrary.c"
../src/SocketsLibrary.c: In function ‘conectar_a’:
../src/SocketsLibrary.c:49:3: warning: implicit declaration of function ‘puts’ [-Wimplicit-function-declaration]
   puts("\n");
   ^
../src/SocketsLibrary.c:53:3: warning: implicit declaration of function ‘close’ [-Wimplicit-function-declaration]
   close(serverSocket);
   ^
Finished building: ../src/SocketsLibrary.c
 
Building target: SocketsLibrary
Invoking: GCC C Linker
gcc  -o "SocketsLibrary"  ./src/SocketsLibrary.o   -lcommons
/usr/bin/ld: /usr/lib/debug/usr/lib/i386-linux-gnu/crt1.o(.debug_info): la reubicación 0 tiene un índice de símbolo 11 inválido
/usr/bin/ld: /usr/lib/debug/usr/lib/i386-linux-gnu/crt1.o(.debug_info): la reubicación 1 tiene un índice de símbolo 12 inválido
/usr/bin/ld: /usr/lib/debug/usr/lib/i386-linux-gnu/crt1.o(.debug_info): la reubicación 2 tiene un índice de símbolo 2 inválido
/usr/bin/ld: /usr/lib/debug/usr/lib/i386-linux-gnu/crt1.o(.debug_info): la reubicación 3 tiene un índice de símbolo 2 inválido
/usr/bin/ld: /usr/lib/debug/usr/lib/i386-linux-gnu/crt1.o(.debug_info): la reubicación 4 tiene un índice de símbolo 11 inválido
/usr/bin/ld: /usr/lib/debug/usr/lib/i386-linux-gnu/crt1.o(.debug_info): la reubicación 5 tiene un índice de símbolo 13 inválido
/usr/bin/ld: /usr/lib/debug/usr/lib/i386-linux-gnu/crt1.o(.debug_info): la reubicación 6 tiene un índice de símbolo 13 inválido
/usr/bin/ld: /usr/lib/debug/usr/lib/i386-linux-gnu/crt1.o(.debug_info): la reubicación 7 tiene un índice de símbolo 13 inválido
/usr/bin/ld: /usr/lib/debug/usr/lib/i386-linux-gnu/crt1.o(.debug_info): la reubicación 8 tiene un índice de símbolo 12 inválido
/usr/bin/ld: /usr/lib/debug/usr/lib/i386-linux-gnu/crt1.o(.debug_info): la reubicación 9 tiene un índice de símbolo 13 inválido
/usr/bin/ld: /usr/lib/debug/usr/lib/i386-linux-gnu/crt1.o(.debug_info): la reubicación 10 tiene un índice de símbolo 13 inválido
/usr/bin/ld: /usr/lib/debug/usr/lib/i386-linux-gnu/crt1.o(.debug_info): la reubicación 11 tiene un índice de símbolo 13 inválido
/usr/bin/ld: /usr/lib/debug/usr/lib/i386-linux-gnu/crt1.o(.debug_info): la reubicación 12 tiene un índice de símbolo 13 inválido
/usr/bin/ld: /usr/lib/debug/usr/lib/i386-linux-gnu/crt1.o(.debug_info): la reubicación 13 tiene un índice de símbolo 13 inválido
/usr/bin/ld: /usr/lib/debug/usr/lib/i386-linux-gnu/crt1.o(.debug_info): la reubicación 14 tiene un índice de símbolo 13 inválido
/usr/bin/ld: /usr/lib/debug/usr/lib/i386-linux-gnu/crt1.o(.debug_info): la reubicación 15 tiene un índice de símbolo 13 inválido
/usr/bin/ld: /usr/lib/debug/usr/lib/i386-linux-gnu/crt1.o(.debug_info): la reubicación 16 tiene un índice de símbolo 13 inválido
/usr/bin/ld: /usr/lib/debug/usr/lib/i386-linux-gnu/crt1.o(.debug_info): la reubicación 17 tiene un índice de símbolo 13 inválido
/usr/bin/ld: /usr/lib/debug/usr/lib/i386-linux-gnu/crt1.o(.debug_info): la reubicación 18 tiene un índice de símbolo 13 inválido
/usr/bin/ld: /usr/lib/debug/usr/lib/i386-linux-gnu/crt1.o(.debug_info): la reubicación 19 tiene un índice de símbolo 13 inválido
/usr/bin/ld: /usr/lib/debug/usr/lib/i386-linux-gnu/crt1.o(.debug_info): la reubicación 20 tiene un índice de símbolo 13 inválido
/usr/bin/ld: /usr/lib/debug/usr/lib/i386-linux-gnu/crt1.o(.debug_info): la reubicación 21 tiene un índice de símbolo 22 inválido
/usr/bin/ld: /usr/lib/debug/usr/lib/i386-linux-gnu/crt1.o(.debug_line): la reubicación 0 tiene un índice de símbolo 2 inválido
/usr/lib/gcc/i686-linux-gnu/4.8/../../../i386-linux-gnu/crt1.o: En la función `_start':
(.text+0x18): referencia a `main' sin definir
collect2: error: ld returned 1 exit status
make: *** [SocketsLibrary] Error 1

17:15:03 Build Finished (took 1s.986ms)

